\BOOKMARK [1][]{section.0.1}{Introduction}{}% 1
\BOOKMARK [2][]{subsection.0.1.1}{L'entreprise}{section.0.1}% 2
\BOOKMARK [2][]{subsection.0.1.2}{Le contexte}{section.0.1}% 3
\BOOKMARK [3][]{subsubsection.0.1.2.1}{Le Device Mangement \340 Orange}{subsection.0.1.2}% 4
\BOOKMARK [3][]{subsubsection.0.1.2.2}{Document TR-069 et protocole normalis\351 CWMP}{subsection.0.1.2}% 5
\BOOKMARK [2][]{subsection.0.1.3}{Objectifs envisag\351s}{section.0.1}% 6
\BOOKMARK [3][]{subsubsection.0.1.3.1}{Premi\350re ann\351e}{subsection.0.1.3}% 7
\BOOKMARK [3][]{subsubsection.0.1.3.2}{Deuxi\350me ann\351e}{subsection.0.1.3}% 8
\BOOKMARK [3][]{subsubsection.0.1.3.3}{Troisi\350me ann\351e}{subsection.0.1.3}% 9
\BOOKMARK [1][]{section.0.2}{Mont\351 en comp\351tence sur le protocole CWMP}{}% 10
\BOOKMARK [2][]{subsection.0.2.1}{Cr\351ation d'un ACS Servlet}{section.0.2}% 11
\BOOKMARK [2][]{subsection.0.2.2}{\311tudes d'\351quipements}{section.0.2}% 12
\BOOKMARK [3][]{subsubsection.0.2.2.1}{Pr\351sentation du r\351seau isol\351}{subsection.0.2.2}% 13
\BOOKMARK [3][]{subsubsection.0.2.2.2}{Test DNS}{subsection.0.2.2}% 14
\BOOKMARK [3][]{subsubsection.0.2.2.3}{Test de comportement TR-069 d'\351quipement}{subsection.0.2.2}% 15
\BOOKMARK [2][]{subsection.0.2.3}{\311tude de client CWMP}{section.0.2}% 16
\BOOKMARK [3][]{subsubsection.0.2.3.1}{Client EasyCWMP}{subsection.0.2.3}% 17
\BOOKMARK [3][]{subsubsection.0.2.3.2}{Client tr69agent d'Orange}{subsection.0.2.3}% 18
\BOOKMARK [3][]{subsubsection.0.2.3.3}{R\351sultats}{subsection.0.2.3}% 19
\BOOKMARK [2][]{subsection.0.2.4}{Impact sur mon parcours}{section.0.2}% 20
\BOOKMARK [1][]{section.0.3}{Projet principal: Conception et d\351veloppement d'un outil de test}{}% 21
\BOOKMARK [2][]{subsection.0.3.1}{Contexte}{section.0.3}% 22
\BOOKMARK [2][]{subsection.0.3.2}{Pr\351sentation}{section.0.3}% 23
\BOOKMARK [2][]{subsection.0.3.3}{M\351thode de projet}{section.0.3}% 24
\BOOKMARK [2][]{subsection.0.3.4}{Travail de pr\351paration}{section.0.3}% 25
\BOOKMARK [3][]{subsubsection.0.3.4.1}{Recherche de solution technique}{subsection.0.3.4}% 26
\BOOKMARK [3][]{subsubsection.0.3.4.2}{Analyse de faisabilit\351}{subsection.0.3.4}% 27
\BOOKMARK [2][]{subsection.0.3.5}{Conception}{section.0.3}% 28
\BOOKMARK [2][]{subsection.0.3.6}{R\351alisation}{section.0.3}% 29
\BOOKMARK [3][]{subsubsection.0.3.6.1}{Travail en \351quipe}{subsection.0.3.6}% 30
\BOOKMARK [3][]{subsubsection.0.3.6.2}{D\351veloppement}{subsection.0.3.6}% 31
\BOOKMARK [2][]{subsection.0.3.7}{D\351ploiement}{section.0.3}% 32
\BOOKMARK [3][]{subsubsection.0.3.7.1}{Environement}{subsection.0.3.7}% 33
\BOOKMARK [2][]{subsection.0.3.8}{Communication et utilisateur}{section.0.3}% 34
\BOOKMARK [2][]{subsection.0.3.9}{Livrable du projet}{section.0.3}% 35
\BOOKMARK [2][]{subsection.0.3.10}{Difficult\351s, solutions et comp\351tences acquises}{section.0.3}% 36
\BOOKMARK [2][]{subsection.0.3.11}{Bilan et apport personnel du projet}{section.0.3}% 37
\BOOKMARK [1][]{section.0.4}{Transfert de comp\351tences}{}% 38
\BOOKMARK [1][]{section.0.5}{Bilan de comp\351tences}{}% 39
\BOOKMARK [1][]{section.0.6}{Conclusion}{}% 40
\BOOKMARK [2][]{subsection.0.6.1}{Atteintes des objectifs}{section.0.6}% 41
\BOOKMARK [2][]{subsection.0.6.2}{Progression}{section.0.6}% 42
\BOOKMARK [2][]{subsection.0.6.3}{Synth\350se de parcours}{section.0.6}% 43
